# JRE version: OpenJDK Runtime Environment (8.0_242-b01) (build 1.8.0_242-release-1644-b01)
# Java VM: OpenJDK 64-Bit Server VM (25.242-b01 mixed mode windows-amd64 compressed oops)
Heap:
 PSYoungGen      total 598528K, used 577043K [0x00000000d5580000, 0x0000000100000000, 0x0000000100000000)
  eden space 510464K, 100% used [0x00000000d5580000,0x00000000f4800000,0x00000000f4800000)
  from space 88064K, 75% used [0x00000000faa00000,0x00000000feb04da8,0x0000000100000000)
  to   space 94208K, 40% used [0x00000000f4800000,0x00000000f6cfd9d0,0x00000000fa400000)
 ParOldGen       total 756736K, used 151276K [0x0000000080000000, 0x00000000ae300000, 0x00000000d5580000)
  object space 756736K, 19% used [0x0000000080000000,0x00000000893bb370,0x00000000ae300000)
 Metaspace       used 109725K, capacity 117062K, committed 117324K, reserved 1150976K
  class space    used 14343K, capacity 15684K, committed 15732K, reserved 1048576K
GC Heap History (10 events):
Event: 528.128 GC heap after
Heap after GC invocations=16 (full 4):
 PSYoungGen      total 396288K, used 26774K [0x00000000d5580000, 0x00000000f2a00000, 0x0000000100000000)
  eden space 346112K, 0% used [0x00000000d5580000,0x00000000d5580000,0x00000000ea780000)
  from space 50176K, 53% used [0x00000000ed700000,0x00000000ef1258e0,0x00000000f0800000)
  to   space 48640K, 0% used [0x00000000ea780000,0x00000000ea780000,0x00000000ed700000)
 ParOldGen       total 756736K, used 56919K [0x0000000080000000, 0x00000000ae300000, 0x00000000d5580000)
  object space 756736K, 7% used [0x0000000080000000,0x0000000083795ce0,0x00000000ae300000)
 Metaspace       used 99702K, capacity 104238K, committed 106188K, reserved 1140736K
  class space    used 12886K, capacity 13858K, committed 14324K, reserved 1048576K
}
Event: 528.753 GC heap before
{Heap before GC invocations=17 (full 4):
 PSYoungGen      total 396288K, used 372886K [0x00000000d5580000, 0x00000000f2a00000, 0x0000000100000000)
  eden space 346112K, 100% used [0x00000000d5580000,0x00000000ea780000,0x00000000ea780000)
  from space 50176K, 53% used [0x00000000ed700000,0x00000000ef1258e0,0x00000000f0800000)
  to   space 48640K, 0% used [0x00000000ea780000,0x00000000ea780000,0x00000000ed700000)
 ParOldGen       total 756736K, used 56919K [0x0000000080000000, 0x00000000ae300000, 0x00000000d5580000)
  object space 756736K, 7% used [0x0000000080000000,0x0000000083795ce0,0x00000000ae300000)
 Metaspace       used 101930K, capacity 107524K, committed 107852K, reserved 1142784K
  class space    used 13256K, capacity 14365K, committed 14452K, reserved 1048576K
Event: 528.780 GC heap after
Heap after GC invocations=17 (full 4):
 PSYoungGen      total 394752K, used 48610K [0x00000000d5580000, 0x00000000f6380000, 0x0000000100000000)
  eden space 346112K, 0% used [0x00000000d5580000,0x00000000d5580000,0x00000000ea780000)
  from space 48640K, 99% used [0x00000000ea780000,0x00000000ed6f8b68,0x00000000ed700000)
  to   space 57856K, 0% used [0x00000000f2b00000,0x00000000f2b00000,0x00000000f6380000)
 ParOldGen       total 756736K, used 63118K [0x0000000080000000, 0x00000000ae300000, 0x00000000d5580000)
  object space 756736K, 8% used [0x0000000080000000,0x0000000083da3bd8,0x00000000ae300000)
 Metaspace       used 101930K, capacity 107524K, committed 107852K, reserved 1142784K
  class space    used 13256K, capacity 14365K, committed 14452K, reserved 1048576K
}
Event: 529.510 GC heap before
{Heap before GC invocations=18 (full 4):
 PSYoungGen      total 394752K, used 394722K [0x00000000d5580000, 0x00000000f6380000, 0x0000000100000000)
  eden space 346112K, 100% used [0x00000000d5580000,0x00000000ea780000,0x00000000ea780000)
  from space 48640K, 99% used [0x00000000ea780000,0x00000000ed6f8b68,0x00000000ed700000)
  to   space 57856K, 0% used [0x00000000f2b00000,0x00000000f2b00000,0x00000000f6380000)
 ParOldGen       total 756736K, used 63118K [0x0000000080000000, 0x00000000ae300000, 0x00000000d5580000)
  object space 756736K, 8% used [0x0000000080000000,0x0000000083da3bd8,0x00000000ae300000)
 Metaspace       used 107706K, capacity 114500K, committed 114764K, reserved 1148928K
  class space    used 14129K, capacity 15433K, committed 15476K, reserved 1048576K
Event: 529.558 GC heap after
Heap after GC invocations=18 (full 4):
 PSYoungGen      total 460288K, used 57834K [0x00000000d5580000, 0x00000000fa400000, 0x0000000100000000)
  eden space 402432K, 0% used [0x00000000d5580000,0x00000000d5580000,0x00000000ede80000)
  from space 57856K, 99% used [0x00000000f2b00000,0x00000000f637aa68,0x00000000f6380000)
  to   space 78336K, 0% used [0x00000000ede80000,0x00000000ede80000,0x00000000f2b00000)
 ParOldGen       total 756736K, used 96525K [0x0000000080000000, 0x00000000ae300000, 0x00000000d5580000)
  object space 756736K, 12% used [0x0000000080000000,0x0000000085e43790,0x00000000ae300000)
 Metaspace       used 107706K, capacity 114500K, committed 114764K, reserved 1148928K
  class space    used 14129K, capacity 15433K, committed 15476K, reserved 1048576K
}
Event: 530.029 GC heap before
{Heap before GC invocations=19 (full 4):
 PSYoungGen      total 460288K, used 460266K [0x00000000d5580000, 0x00000000fa400000, 0x0000000100000000)
  eden space 402432K, 100% used [0x00000000d5580000,0x00000000ede80000,0x00000000ede80000)
  from space 57856K, 99% used [0x00000000f2b00000,0x00000000f637aa68,0x00000000f6380000)
  to   space 78336K, 0% used [0x00000000ede80000,0x00000000ede80000,0x00000000f2b00000)
 ParOldGen       total 756736K, used 96525K [0x0000000080000000, 0x00000000ae300000, 0x00000000d5580000)
  object space 756736K, 12% used [0x0000000080000000,0x0000000085e43790,0x00000000ae300000)
 Metaspace       used 109145K, capacity 116144K, committed 116300K, reserved 1150976K
  class space    used 14295K, capacity 15617K, committed 15732K, reserved 1048576K
Event: 530.068 GC heap after
Heap after GC invocations=19 (full 4):
 PSYoungGen      total 480768K, used 72343K [0x00000000d5580000, 0x0000000100000000, 0x0000000100000000)
  eden space 402432K, 0% used [0x00000000d5580000,0x00000000d5580000,0x00000000ede80000)
  from space 78336K, 92% used [0x00000000ede80000,0x00000000f2525ee8,0x00000000f2b00000)
  to   space 88064K, 0% used [0x00000000faa00000,0x00000000faa00000,0x0000000100000000)
 ParOldGen       total 756736K, used 96533K [0x0000000080000000, 0x00000000ae300000, 0x00000000d5580000)
  object space 756736K, 12% used [0x0000000080000000,0x0000000085e45790,0x00000000ae300000)
 Metaspace       used 109145K, capacity 116144K, committed 116300K, reserved 1150976K
  class space    used 14295K, capacity 15617K, committed 15732K, reserved 1048576K
}
Event: 530.422 GC heap before
{Heap before GC invocations=20 (full 4):
 PSYoungGen      total 480768K, used 474775K [0x00000000d5580000, 0x0000000100000000, 0x0000000100000000)
  eden space 402432K, 100% used [0x00000000d5580000,0x00000000ede80000,0x00000000ede80000)
  from space 78336K, 92% used [0x00000000ede80000,0x00000000f2525ee8,0x00000000f2b00000)
  to   space 88064K, 0% used [0x00000000faa00000,0x00000000faa00000,0x0000000100000000)
 ParOldGen       total 756736K, used 96533K [0x0000000080000000, 0x00000000ae300000, 0x00000000d5580000)
  object space 756736K, 12% used [0x0000000080000000,0x0000000085e45790,0x00000000ae300000)
 Metaspace       used 109474K, capacity 116764K, committed 117068K, reserved 1150976K
  class space    used 14340K, capacity 15683K, committed 15732K, reserved 1048576K
Event: 530.485 GC heap after
Heap after GC invocations=20 (full 4):
 PSYoungGen      total 598528K, used 66579K [0x00000000d5580000, 0x0000000100000000, 0x0000000100000000)
  eden space 510464K, 0% used [0x00000000d5580000,0x00000000d5580000,0x00000000f4800000)
  from space 88064K, 75% used [0x00000000faa00000,0x00000000feb04da8,0x0000000100000000)
  to   space 94208K, 0% used [0x00000000f4800000,0x00000000f4800000,0x00000000fa400000)
 ParOldGen       total 756736K, used 115117K [0x0000000080000000, 0x00000000ae300000, 0x00000000d5580000)
  object space 756736K, 15% used [0x0000000080000000,0x000000008706b7f8,0x00000000ae300000)
 Metaspace       used 109474K, capacity 116764K, committed 117068K, reserved 1150976K
  class space    used 14340K, capacity 15683K, committed 15732K, reserved 1048576K
}
Event: 530.880 GC heap before
{Heap before GC invocations=21 (full 4):
 PSYoungGen      total 598528K, used 577043K [0x00000000d5580000, 0x0000000100000000, 0x0000000100000000)
  eden space 510464K, 100% used [0x00000000d5580000,0x00000000f4800000,0x00000000f4800000)
  from space 88064K, 75% used [0x00000000faa00000,0x00000000feb04da8,0x0000000100000000)
  to   space 94208K, 0% used [0x00000000f4800000,0x00000000f4800000,0x00000000fa400000)
 ParOldGen       total 756736K, used 115117K [0x0000000080000000, 0x00000000ae300000, 0x00000000d5580000)
  object space 756736K, 15% used [0x0000000080000000,0x000000008706b7f8,0x00000000ae300000)
 Metaspace       used 109725K, capacity 117062K, committed 117324K, reserved 1150976K
  class space    used 14343K, capacity 15684K, committed 15732K, reserved 1048576K

